#
# There is insufficient memory for the Java Runtime Environment to continue.
# Native memory allocation (malloc) failed to allocate 2001136 bytes. Error detail: Chunk::new
# Possible reasons:
#   The system is out of physical RAM or swap space
#   This process is running with CompressedOops enabled, and the Java Heap may be blocking the growth of the native heap
# Possible solutions:
#   Reduce memory load on the system
#   Increase physical memory or swap space
#   Check if swap backing store is full
#   Decrease Java heap size (-Xmx/-Xms)
#   Decrease number of Java threads
#   Decrease Java thread stack sizes (-Xss)
#   Set larger code cache with -XX:ReservedCodeCacheSize=
#   JVM is running with Unscaled Compressed Oops mode in which the Java heap is
#     placed in the first 4GB address space. The Java Heap base address is the
#     maximum limit for the native heap growth. Please use -XX:HeapBaseMinAddress
#     to set the Java Heap base and to place the Java Heap above 4GB virtual address.
# This output file may be truncated or incomplete.
#
#  Out of Memory Error (arena.cpp:168), pid=45296, tid=38084
#
# JRE version: OpenJDK Runtime Environment Temurin-21.0.8+9 (21.0.8+9) (build 21.0.8+9-LTS)
# Java VM: OpenJDK 64-Bit Server VM Temurin-21.0.8+9 (21.0.8+9-LTS, mixed mode, sharing, tiered, compressed oops, compressed class ptrs, parallel gc, windows-amd64)
# No core dump will be written. Minidumps are not enabled by default on client versions of Windows
#

---------------  S U M M A R Y ------------

Command Line: --add-modules=ALL-SYSTEM --add-opens=java.base/java.util=ALL-UNNAMED --add-opens=java.base/java.lang=ALL-UNNAMED --add-opens=java.base/sun.nio.fs=ALL-UNNAMED -Declipse.application=org.eclipse.jdt.ls.core.id1 -Dosgi.bundles.defaultStartLevel=4 -Declipse.product=org.eclipse.jdt.ls.core.product -Djava.import.generatesMetadataFilesAtProjectRoot=false -DDetectVMInstallationsJob.disabled=true -Dfile.encoding=utf8 -XX:+UseParallelGC -XX:GCTimeRatio=4 -XX:AdaptiveSizePolicyWeight=90 -Dsun.zip.disableMemoryMapping=true -Xmx2G -Xms100m -Xlog:disable -javaagent:c:\Users\shaik\.vscode\extensions\redhat.java-1.44.0-win32-x64\lombok\lombok-1.18.39-4050.jar -XX:+HeapDumpOnOutOfMemoryError -XX:HeapDumpPath=c:\Users\shaik\AppData\Roaming\Code\User\workspaceStorage\6ed3e0e6f049c70af4aca1ed407b31df\redhat.java -Daether.dependencyCollector.impl=bf c:\Users\shaik\.vscode\extensions\redhat.java-1.44.0-win32-x64\server\plugins\org.eclipse.equinox.launcher_1.7.0.v20250519-0528.jar -configuration c:\Users\shaik\AppData\Roaming\Code\User\globalStorage\redhat.java\1.44.0\config_win -data c:\Users\shaik\AppData\Roaming\Code\User\workspaceStorage\6ed3e0e6f049c70af4aca1ed407b31df\redhat.java\jdt_ws --pipe=\\.\pipe\lsp-059013efff9379ad76332236b2176085-sock

Host: 13th Gen Intel(R) Core(TM) i5-13420H, 12 cores, 15G,  Windows 11 , 64 bit Build 26100 (10.0.26100.4768)
Time: Tue Aug 12 15:48:37 2025 India Standard Time elapsed time: 22.904885 seconds (0d 0h 0m 22s)

---------------  T H R E A D  ---------------

Current thread (0x000001b9dc095400):  JavaThread "C2 CompilerThread1" daemon [_thread_in_native, id=38084, stack(0x0000006c48d00000,0x0000006c48e00000) (1024K)]


Current CompileTask:
C2:22905 10490   !   4       org.eclipse.jdt.internal.core.search.indexing.BinaryIndexer::indexDocument (1168 bytes)

Stack: [0x0000006c48d00000,0x0000006c48e00000]
Native frames: (J=compiled Java code, j=interpreted, Vv=VM code, C=native code)
V  [jvm.dll+0x6d2449]
V  [jvm.dll+0x8ae341]
V  [jvm.dll+0x8b08be]
V  [jvm.dll+0x8b0fa3]
V  [jvm.dll+0x280c96]
V  [jvm.dll+0xc581d]
V  [jvm.dll+0xc5d53]
V  [jvm.dll+0x3b9162]
V  [jvm.dll+0x385315]
V  [jvm.dll+0x38477a]
V  [jvm.dll+0x248ed0]
V  [jvm.dll+0x2484af]
V  [jvm.dll+0x1c89ee]
V  [jvm.dll+0x257d4d]
V  [jvm.dll+0x2562ea]
V  [jvm.dll+0x3f2d16]
V  [jvm.dll+0x857e6b]
V  [jvm.dll+0x6d0b0d]
C  [ucrtbase.dll+0x37b0]
C  [KERNEL32.DLL+0x2e8d7]
C  [ntdll.dll+0x3c34c]


---------------  P R O C E S S  ---------------

Threads class SMR info:
_java_thread_list=0x000001b9dac7cde0, length=71, elements={
0x000001b9fabe5620, 0x000001b9fab6d900, 0x000001b9fab703e0, 0x000001b9fab7ad10,
0x000001b9fab7d9f0, 0x000001b9fab7e440, 0x000001b9ff921fe0, 0x000001b9ff924d70,
0x000001b9ff995cf0, 0x000001b9ffa1fbf0, 0x000001b9ffc61190, 0x000001b9d9480420,
0x000001b9d96d7a90, 0x000001b9d94c7f00, 0x000001b9d94c8930, 0x000001b9d974c900,
0x000001b9d987a530, 0x000001b9d99e42e0, 0x000001b9d99e2f30, 0x000001b9d99e14f0,
0x000001b9d99e3c50, 0x000001b9d99e1b80, 0x000001b9d99e2210, 0x000001b9d99e35c0,
0x000001b9dc2b0fc0, 0x000001b9dc2b1650, 0x000001b9dc2b1ce0, 0x000001b9dc2af580,
0x000001b9dc2ae860, 0x000001b9dc2aeef0, 0x000001b9dc2b0930, 0x000001b9dc2afc10,
0x000001b9dc2b02a0, 0x000001b9dc2d74e0, 0x000001b9dc2d5410, 0x000001b9dc2d4060,
0x000001b9dc2d4d80, 0x000001b9dc2d5aa0, 0x000001b9dc2d6130, 0x000001b9dc2d6e50,
0x000001b9dc2d67c0, 0x000001b9dc2d95b0, 0x000001b9dc2d9c40, 0x000001b9dc2daff0,
0x000001b9dc2d8890, 0x000001b9dc2da2d0, 0x000001b9dc2da960, 0x000001b9dc2db680,
0x000001b9d99e28a0, 0x000001b9db83ace0, 0x000001b9db838c10, 0x000001b9db837ef0,
0x000001b9db837860, 0x000001b9db83b370, 0x000001b9db838580, 0x000001b9db83c720,
0x000001b9db83ba00, 0x000001b9db8392a0, 0x000001b9db83c090, 0x000001b9db839fc0,
0x000001b9db83cdb0, 0x000001b9db839930, 0x000001b9db83dad0, 0x000001b9db83d440,
0x000001b9db83a650, 0x000001b9db83e7f0, 0x000001b9db703b30, 0x000001b9db702780,
0x000001b9dc095400, 0x000001b9db706920, 0x000001b9dc096870
}

Java Threads: ( => current thread )
  0x000001b9fabe5620 JavaThread "main"                              [_thread_blocked, id=13600, stack(0x0000006c46b00000,0x0000006c46c00000) (1024K)]
  0x000001b9fab6d900 JavaThread "Reference Handler"          daemon [_thread_blocked, id=43256, stack(0x0000006c46f00000,0x0000006c47000000) (1024K)]
  0x000001b9fab703e0 JavaThread "Finalizer"                  daemon [_thread_blocked, id=34860, stack(0x0000006c47000000,0x0000006c47100000) (1024K)]
  0x000001b9fab7ad10 JavaThread "Signal Dispatcher"          daemon [_thread_blocked, id=40648, stack(0x0000006c47100000,0x0000006c47200000) (1024K)]
  0x000001b9fab7d9f0 JavaThread "Attach Listener"            daemon [_thread_blocked, id=43124, stack(0x0000006c47200000,0x0000006c47300000) (1024K)]
  0x000001b9fab7e440 JavaThread "Service Thread"             daemon [_thread_blocked, id=7464, stack(0x0000006c47300000,0x0000006c47400000) (1024K)]
  0x000001b9ff921fe0 JavaThread "Monitor Deflation Thread"   daemon [_thread_blocked, id=47780, stack(0x0000006c47400000,0x0000006c47500000) (1024K)]
  0x000001b9ff924d70 JavaThread "C2 CompilerThread0"         daemon [_thread_in_native, id=36260, stack(0x0000006c47500000,0x0000006c47600000) (1024K)]
  0x000001b9ff995cf0 JavaThread "C1 CompilerThread0"         daemon [_thread_blocked, id=26596, stack(0x0000006c47600000,0x0000006c47700000) (1024K)]
  0x000001b9ffa1fbf0 JavaThread "Common-Cleaner"             daemon [_thread_blocked, id=30172, stack(0x0000006c47700000,0x0000006c47800000) (1024K)]
  0x000001b9ffc61190 JavaThread "Notification Thread"        daemon [_thread_blocked, id=23180, stack(0x0000006c47800000,0x0000006c47900000) (1024K)]
  0x000001b9d9480420 JavaThread "Active Thread: Equinox Container: ec10864c-e6d9-4618-b903-5d1db7f633ba"        [_thread_blocked, id=5824, stack(0x0000006c48100000,0x0000006c48200000) (1024K)]
  0x000001b9d96d7a90 JavaThread "Refresh Thread: Equinox Container: ec10864c-e6d9-4618-b903-5d1db7f633ba" daemon [_thread_blocked, id=20708, stack(0x0000006c48300000,0x0000006c48400000) (1024K)]
  0x000001b9d94c7f00 JavaThread "Framework Event Dispatcher: Equinox Container: ec10864c-e6d9-4618-b903-5d1db7f633ba" daemon [_thread_blocked, id=35024, stack(0x0000006c48400000,0x0000006c48500000) (1024K)]
  0x000001b9d94c8930 JavaThread "Start Level: Equinox Container: ec10864c-e6d9-4618-b903-5d1db7f633ba" daemon [_thread_blocked, id=3928, stack(0x0000006c47900000,0x0000006c47a00000) (1024K)]
  0x000001b9d974c900 JavaThread "Bundle File Closer"         daemon [_thread_blocked, id=2356, stack(0x0000006c48700000,0x0000006c48800000) (1024K)]
  0x000001b9d987a530 JavaThread "SCR Component Actor"        daemon [_thread_blocked, id=1760, stack(0x0000006c48000000,0x0000006c48100000) (1024K)]
  0x000001b9d99e42e0 JavaThread "Worker-JM"                         [_thread_blocked, id=10828, stack(0x0000006c48a00000,0x0000006c48b00000) (1024K)]
  0x000001b9d99e2f30 JavaThread "JNA Cleaner"                daemon [_thread_blocked, id=46592, stack(0x0000006c48900000,0x0000006c48a00000) (1024K)]
  0x000001b9d99e14f0 JavaThread "calculateSecurityWarningPosition/4//Window/!䠀/java.awt/(DD"        [_thread_blocked, id=27664, stack(0x0000006c48b00000,0x0000006c48c00000) (1024K)]
  0x000001b9d99e3c50 JavaThread "Worker-1: Initialize workspace"        [_thread_blocked, id=41160, stack(0x0000006c48c00000,0x0000006c48d00000) (1024K)]
  0x000001b9d99e1b80 JavaThread "Java indexing"              daemon [_thread_blocked, id=47312, stack(0x0000006c48f00000,0x0000006c49000000) (1024K)]
  0x000001b9d99e2210 JavaThread "Worker-2"                          [_thread_blocked, id=36700, stack(0x0000006c49000000,0x0000006c49100000) (1024K)]
  0x000001b9d99e35c0 JavaThread "Worker-3: Java indexing... "        [_thread_blocked, id=26676, stack(0x0000006c49300000,0x0000006c49400000) (1024K)]
  0x000001b9dc2b0fc0 JavaThread "Worker-4"                          [_thread_blocked, id=40204, stack(0x0000006c49400000,0x0000006c49500000) (1024K)]
  0x000001b9dc2b1650 JavaThread "Thread-2"                   daemon [_thread_in_native, id=38184, stack(0x0000006c49500000,0x0000006c49600000) (1024K)]
  0x000001b9dc2b1ce0 JavaThread "Thread-3"                   daemon [_thread_in_native, id=17704, stack(0x0000006c49600000,0x0000006c49700000) (1024K)]
  0x000001b9dc2af580 JavaThread "Thread-4"                   daemon [_thread_in_native, id=22552, stack(0x0000006c49700000,0x0000006c49800000) (1024K)]
  0x000001b9dc2ae860 JavaThread "Thread-5"                   daemon [_thread_in_native, id=34156, stack(0x0000006c49800000,0x0000006c49900000) (1024K)]
  0x000001b9dc2aeef0 JavaThread "Thread-6"                   daemon [_thread_in_native, id=38376, stack(0x0000006c49900000,0x0000006c49a00000) (1024K)]
  0x000001b9dc2b0930 JavaThread "Thread-7"                   daemon [_thread_in_native, id=10092, stack(0x0000006c49a00000,0x0000006c49b00000) (1024K)]
  0x000001b9dc2afc10 JavaThread "Thread-8"                   daemon [_thread_in_native, id=35332, stack(0x0000006c49b00000,0x0000006c49c00000) (1024K)]
  0x000001b9dc2b02a0 JavaThread "Thread-9"                   daemon [_thread_in_native, id=15588, stack(0x0000006c49c00000,0x0000006c49d00000) (1024K)]
  0x000001b9dc2d74e0 JavaThread "Thread-10"                  daemon [_thread_in_native, id=46724, stack(0x0000006c49d00000,0x0000006c49e00000) (1024K)]
  0x000001b9dc2d5410 JavaThread "Thread-11"                  daemon [_thread_in_native, id=46532, stack(0x0000006c49e00000,0x0000006c49f00000) (1024K)]
  0x000001b9dc2d4060 JavaThread "Thread-12"                  daemon [_thread_in_native, id=30684, stack(0x0000006c49f00000,0x0000006c4a000000) (1024K)]
  0x000001b9dc2d4d80 JavaThread "Thread-13"                  daemon [_thread_in_native, id=29260, stack(0x0000006c4a000000,0x0000006c4a100000) (1024K)]
  0x000001b9dc2d5aa0 JavaThread "Thread-14"                  daemon [_thread_in_native, id=29140, stack(0x0000006c4a100000,0x0000006c4a200000) (1024K)]
  0x000001b9dc2d6130 JavaThread "pool-2-thread-1"                   [_thread_blocked, id=46544, stack(0x0000006c4a200000,0x0000006c4a300000) (1024K)]
  0x000001b9dc2d6e50 JavaThread "WorkspaceEventsHandler"            [_thread_blocked, id=31556, stack(0x0000006c4a300000,0x0000006c4a400000) (1024K)]
  0x000001b9dc2d67c0 JavaThread "pool-1-thread-1"                   [_thread_blocked, id=28624, stack(0x0000006c4a400000,0x0000006c4a500000) (1024K)]
  0x000001b9dc2d95b0 JavaThread "Worker-5"                          [_thread_blocked, id=27460, stack(0x0000006c4a500000,0x0000006c4a600000) (1024K)]
  0x000001b9dc2d9c40 JavaThread "Worker-6"                          [_thread_blocked, id=35184, stack(0x0000006c4a600000,0x0000006c4a700000) (1024K)]
  0x000001b9dc2daff0 JavaThread "LocalFile Deleter"          daemon [_thread_blocked, id=25576, stack(0x0000006c48800000,0x0000006c48900000) (1024K)]
  0x000001b9dc2d8890 JavaThread "LocalFile Deleter"          daemon [_thread_blocked, id=40956, stack(0x0000006c4a700000,0x0000006c4a800000) (1024K)]
  0x000001b9dc2da2d0 JavaThread "LocalFile Deleter"          daemon [_thread_blocked, id=45016, stack(0x0000006c4a800000,0x0000006c4a900000) (1024K)]
  0x000001b9dc2da960 JavaThread "LocalFile Deleter"          daemon [_thread_blocked, id=47388, stack(0x0000006c4a900000,0x0000006c4aa00000) (1024K)]
  0x000001b9dc2db680 JavaThread "LocalFile Deleter"          daemon [_thread_blocked, id=16020, stack(0x0000006c4aa00000,0x0000006c4ab00000) (1024K)]
  0x000001b9d99e28a0 JavaThread "LocalFile Deleter"          daemon [_thread_blocked, id=33716, stack(0x0000006c4ab00000,0x0000006c4ac00000) (1024K)]
  0x000001b9db83ace0 JavaThread "LocalFile Deleter"          daemon [_thread_blocked, id=40260, stack(0x0000006c4ac00000,0x0000006c4ad00000) (1024K)]
  0x000001b9db838c10 JavaThread "LocalFile Deleter"          daemon [_thread_blocked, id=33356, stack(0x0000006c4ad00000,0x0000006c4ae00000) (1024K)]
  0x000001b9db837ef0 JavaThread "LocalFile Deleter"          daemon [_thread_blocked, id=4972, stack(0x0000006c4ae00000,0x0000006c4af00000) (1024K)]
  0x000001b9db837860 JavaThread "LocalFile Deleter"          daemon [_thread_blocked, id=45608, stack(0x0000006c4af00000,0x0000006c4b000000) (1024K)]
  0x000001b9db83b370 JavaThread "LocalFile Deleter"          daemon [_thread_blocked, id=42236, stack(0x0000006c4b000000,0x0000006c4b100000) (1024K)]
  0x000001b9db838580 JavaThread "LocalFile Deleter"          daemon [_thread_blocked, id=32444, stack(0x0000006c4b100000,0x0000006c4b200000) (1024K)]
  0x000001b9db83c720 JavaThread "Compiler Source File Reader" daemon [_thread_blocked, id=18260, stack(0x0000006c4b200000,0x0000006c4b300000) (1024K)]
  0x000001b9db83ba00 JavaThread "Compiler Source File Reader" daemon [_thread_blocked, id=18168, stack(0x0000006c4b300000,0x0000006c4b400000) (1024K)]
  0x000001b9db8392a0 JavaThread "Compiler Source File Reader" daemon [_thread_blocked, id=35264, stack(0x0000006c4b400000,0x0000006c4b500000) (1024K)]
  0x000001b9db83c090 JavaThread "Compiler Source File Reader" daemon [_thread_blocked, id=42636, stack(0x0000006c4b500000,0x0000006c4b600000) (1024K)]
  0x000001b9db839fc0 JavaThread "Compiler Source File Reader" daemon [_thread_blocked, id=33744, stack(0x0000006c4b600000,0x0000006c4b700000) (1024K)]
  0x000001b9db83cdb0 JavaThread "Compiler Source File Reader" daemon [_thread_blocked, id=42028, stack(0x0000006c4b700000,0x0000006c4b800000) (1024K)]
  0x000001b9db839930 
[error occurred during error reporting (printing all threads), id 0xc0000005, EXCEPTION_ACCESS_VIOLATION (0xc0000005) at pc=0x00007ffc2c5e3f50]
VM state: at safepoint (normal execution)

VM Mutex/Monitor currently owned by a thread:  ([mutex/lock_event])
[0x00007ffc2d155458] Threads_lock - owner thread: 0x000001b9fac7ab30
[0x00007ffc2d155558] Heap_lock - owner thread: 0x000001b9d99e3c50

Heap address: 0x0000000080000000, size: 2048 MB, Compressed Oops mode: 32-bit

CDS archive(s) mapped at: [0x000001b993000000-0x000001b993ba0000-0x000001b993ba0000), size 12189696, SharedBaseAddress: 0x000001b993000000, ArchiveRelocationMode: 1.
Compressed class space mapped at: 0x000001b994000000-0x000001b9d4000000, reserved size: 1073741824
Narrow klass base: 0x000001b993000000, Narrow klass shift: 0, Narrow klass range: 0x100000000

GC Precious Log:
 CardTable entry size: 512
 CPUs: 12 total, 12 available
 Memory: 16087M
 Large Page Support: Disabled
 NUMA Support: Disabled
 Compressed Oops: Enabled (32-bit)
 Alignments: Space 512K, Generation 512K, Heap 2M
 Heap Min Capacity: 100M
 Heap Initial Capacity: 100M
 Heap Max Capacity: 2G
 Pre-touch: Disabled
 Parallel Workers: 10

Heap:
 PSYoungGen      total 7680K, used 7677K [0x00000000d5580000, 0x00000000d5e00000, 0x0000000100000000)
  eden space 7168K, 100% used [0x00000000d5580000,0x00000000d5c80000,0x00000000d5c80000)
  from space 512K, 99% used [0x00000000d5d80000,0x00000000d5dff698,0x00000000d5e00000)
  to   space 512K, 97% used [0x00000000d5d00000,0x00000000d5d7caf0,0x00000000d5d80000)
 ParOldGen       total 387584K, used 387574K [0x0000000080000000, 0x0000000097a80000, 0x00000000d5580000)
  object space 387584K, 99% used [0x0000000080000000,0x0000000097a7daa0,0x0000000097a80000)
 Metaspace       used 61235K, committed 62656K, reserved 1114112K
  class space    used 6508K, committed 7168K, reserved 1048576K

Card table byte_map: [0x000001b9fa570000,0x000001b9fa980000] _byte_map_base: 0x000001b9fa170000

Marking Bits: (ParMarkBitMap*) 0x00007ffc2d15a340
 Begin Bits: [0x000001b98f000000, 0x000001b991000000)
 End Bits:   [0x000001b991000000, 0x000001b993000000)

Polling page: 0x000001b9f87b0000

Metaspace:

Usage:
  Non-class:     53.44 MB used.
      Class:      6.36 MB used.
       Both:     59.80 MB used.

Virtual space:
  Non-class space:       64.00 MB reserved,      54.19 MB ( 85%) committed,  1 nodes.
      Class space:        1.00 GB reserved,       7.00 MB ( <1%) committed,  1 nodes.
             Both:        1.06 GB reserved,      61.19 MB (  6%) committed. 

Chunk freelists:
   Non-Class:  9.64 MB
       Class:  8.81 MB
        Both:  18.45 MB

MaxMetaspaceSize: unlimited
CompressedClassSpaceSize: 1.00 GB
Initial GC threshold: 21.00 MB
Current GC threshold: 100.25 MB
CDS: on
 - commit_granule_bytes: 65536.
 - commit_granule_words: 8192.
 - virtual_space_node_default_size: 8388608.
 - enlarge_chunks_in_place: 1.
 - use_allocation_guard: 0.


Internal statistics:

num_allocs_failed_limit: 9.
num_arena_births: 1180.
num_arena_deaths: 18.
num_vsnodes_births: 2.
num_vsnodes_deaths: 0.
num_space_committed: 979.
num_space_uncommitted: 0.
num_chunks_returned_to_freelist: 27.
num_chunks_taken_from_freelist: 4070.
num_chunk_merges: 14.
num_chunk_splits: 2474.
num_chunks_enlarged: 1393.
num_inconsistent_stats: 0.

CodeHeap 'non-profiled nmethods': size=120000Kb used=6943Kb max_used=7816Kb free=113056Kb
 bounds [0x000001b987ad0000, 0x000001b988280000, 0x000001b98f000000]
CodeHeap 'profiled nmethods': size=120000Kb used=16642Kb max_used=20107Kb free=103358Kb
 bounds [0x000001b980000000, 0x000001b9813d0000, 0x000001b987530000]
CodeHeap 'non-nmethods': size=5760Kb used=1424Kb max_used=1481Kb free=4335Kb
 bounds [0x000001b987530000, 0x000001b9877a0000, 0x000001b987ad0000]
CodeCache: size=245760Kb, used=25009Kb, max_used=29404Kb, free=220749Kb
 total_blobs=9237, nmethods=8500, adapters=643, full_count=0
Compilation: enabled, stopped_count=0, restarted_count=0

Compilation events (20 events):
Event: 22.790 Thread 0x000001b9ff924d70 10658   !   4       org.eclipse.jdt.internal.core.util.DeduplicationUtil::intern (149 bytes)
Event: 22.791 Thread 0x000001b9ff995cf0 10659       3       org.eclipse.jdt.internal.core.JarPackageFragmentRoot$$Lambda/0x000001b9944cb408::apply (8 bytes)
Event: 22.791 Thread 0x000001b9ff995cf0 nmethod 10659 0x000001b9800d9990 code [0x000001b9800d9b80, 0x000001b9800da100]
Event: 22.791 Thread 0x000001b9ff995cf0 10660       3       org.eclipse.jdt.internal.core.JarPackageFragmentRoot$$Lambda/0x000001b9944cb648::apply (5 bytes)
Event: 22.791 Thread 0x000001b9ff995cf0 nmethod 10660 0x000001b980441610 code [0x000001b9804417c0, 0x000001b9804419b8]
Event: 22.791 Thread 0x000001b9ff995cf0 10661   !   3       org.eclipse.jdt.internal.core.OpenableElementInfo::setChildren (29 bytes)
Event: 22.792 Thread 0x000001b9ff995cf0 nmethod 10661 0x000001b9801b5290 code [0x000001b9801b5440, 0x000001b9801b56b8]
Event: 22.794 Thread 0x000001b9ff995cf0 10662       3       org.eclipse.jdt.internal.compiler.ast.Annotation::getTargetElementType (278 bytes)
Event: 22.795 Thread 0x000001b9ff995cf0 nmethod 10662 0x000001b98075fc10 code [0x000001b98075ff40, 0x000001b980760e78]
Event: 22.803 Thread 0x000001b9dc096870 10663       4       org.eclipse.jdt.internal.compiler.parser.Scanner::internalScanIdentifierOrKeyword (5041 bytes)
Event: 22.818 Thread 0x000001b9ff995cf0 10664       1       org.eclipse.jdt.internal.compiler.classfmt.AnnotationMethodInfoWithAnnotations::getAnnotations (5 bytes)
Event: 22.819 Thread 0x000001b9ff995cf0 nmethod 10664 0x000001b9880f2d90 code [0x000001b9880f2f20, 0x000001b9880f2fe8]
Event: 22.830 Thread 0x000001b9ff995cf0 10665       3       org.eclipse.jdt.internal.compiler.classfmt.AnnotationMethodInfo::<init> (95 bytes)
Event: 22.830 Thread 0x000001b9ff995cf0 nmethod 10665 0x000001b980dd8010 code [0x000001b980dd81c0, 0x000001b980dd84f8]
Event: 22.840 Thread 0x000001b9ff995cf0 10668       3       org.eclipse.jdt.internal.compiler.impl.CompilerOptions::versionFromJdkLevel (204 bytes)
Event: 22.841 Thread 0x000001b9ff995cf0 nmethod 10668 0x000001b98084c790 code [0x000001b98084ca00, 0x000001b98084d390]
Event: 22.842 Thread 0x000001b9ff995cf0 10669       3       java.util.Set::of (9 bytes)
Event: 22.842 Thread 0x000001b9ff995cf0 nmethod 10669 0x000001b980441f10 code [0x000001b980442100, 0x000001b9804425b0]
Event: 22.853 Thread 0x000001b9dc096870 nmethod 10663 0x000001b987d39890 code [0x000001b987d39d80, 0x000001b987d3bf58]
Event: 22.853 Thread 0x000001b9dc096870 10667       4       java.io.InputStream::readNBytes (292 bytes)

GC Heap History (20 events):
Event: 22.736 GC heap before
{Heap before GC invocations=520 (full 4):
 PSYoungGen      total 7168K, used 6656K [0x00000000d5580000, 0x00000000d5d80000, 0x0000000100000000)
  eden space 6144K, 100% used [0x00000000d5580000,0x00000000d5b80000,0x00000000d5b80000)
  from space 1024K, 50% used [0x00000000d5c80000,0x00000000d5d00000,0x00000000d5d80000)
  to   space 1024K, 0% used [0x00000000d5b80000,0x00000000d5b80000,0x00000000d5c80000)
 ParOldGen       total 377344K, used 377151K [0x0000000080000000, 0x0000000097080000, 0x00000000d5580000)
  object space 377344K, 99% used [0x0000000080000000,0x000000009704ff48,0x0000000097080000)
 Metaspace       used 61225K, committed 62656K, reserved 1114112K
  class space    used 6508K, committed 7168K, reserved 1048576K
}
Event: 22.737 GC heap after
{Heap after GC invocations=520 (full 4):
 PSYoungGen      total 7168K, used 635K [0x00000000d5580000, 0x00000000d5d80000, 0x0000000100000000)
  eden space 6144K, 0% used [0x00000000d5580000,0x00000000d5580000,0x00000000d5b80000)
  from space 1024K, 62% used [0x00000000d5b80000,0x00000000d5c1ec08,0x00000000d5c80000)
  to   space 1024K, 0% used [0x00000000d5c80000,0x00000000d5c80000,0x00000000d5d80000)
 ParOldGen       total 377856K, used 377434K [0x0000000080000000, 0x0000000097100000, 0x00000000d5580000)
  object space 377856K, 99% used [0x0000000080000000,0x0000000097096a10,0x0000000097100000)
 Metaspace       used 61225K, committed 62656K, reserved 1114112K
  class space    used 6508K, committed 7168K, reserved 1048576K
}
Event: 22.756 GC heap before
{Heap before GC invocations=521 (full 4):
 PSYoungGen      total 7168K, used 6779K [0x00000000d5580000, 0x00000000d5d80000, 0x0000000100000000)
  eden space 6144K, 100% used [0x00000000d5580000,0x00000000d5b80000,0x00000000d5b80000)
  from space 1024K, 62% used [0x00000000d5b80000,0x00000000d5c1ec08,0x00000000d5c80000)
  to   space 1024K, 0% used [0x00000000d5c80000,0x00000000d5c80000,0x00000000d5d80000)
 ParOldGen       total 377856K, used 377434K [0x0000000080000000, 0x0000000097100000, 0x00000000d5580000)
  object space 377856K, 99% used [0x0000000080000000,0x0000000097096a10,0x0000000097100000)
 Metaspace       used 61230K, committed 62656K, reserved 1114112K
  class space    used 6508K, committed 7168K, reserved 1048576K
}
Event: 22.757 GC heap after
{Heap after GC invocations=521 (full 4):
 PSYoungGen      total 7168K, used 710K [0x00000000d5580000, 0x00000000d5d80000, 0x0000000100000000)
  eden space 6144K, 0% used [0x00000000d5580000,0x00000000d5580000,0x00000000d5b80000)
  from space 1024K, 69% used [0x00000000d5c80000,0x00000000d5d31850,0x00000000d5d80000)
  to   space 1024K, 0% used [0x00000000d5b80000,0x00000000d5b80000,0x00000000d5c80000)
 ParOldGen       total 378368K, used 378005K [0x0000000080000000, 0x0000000097180000, 0x00000000d5580000)
  object space 378368K, 99% used [0x0000000080000000,0x0000000097125618,0x0000000097180000)
 Metaspace       used 61230K, committed 62656K, reserved 1114112K
  class space    used 6508K, committed 7168K, reserved 1048576K
}
Event: 22.772 GC heap before
{Heap before GC invocations=522 (full 4):
 PSYoungGen      total 7168K, used 6848K [0x00000000d5580000, 0x00000000d5d80000, 0x0000000100000000)
  eden space 6144K, 99% used [0x00000000d5580000,0x00000000d5b7eb00,0x00000000d5b80000)
  from space 1024K, 69% used [0x00000000d5c80000,0x00000000d5d31850,0x00000000d5d80000)
  to   space 1024K, 0% used [0x00000000d5b80000,0x00000000d5b80000,0x00000000d5c80000)
 ParOldGen       total 378368K, used 378005K [0x0000000080000000, 0x0000000097180000, 0x00000000d5580000)
  object space 378368K, 99% used [0x0000000080000000,0x0000000097125618,0x0000000097180000)
 Metaspace       used 61231K, committed 62656K, reserved 1114112K
  class space    used 6508K, committed 7168K, reserved 1048576K
}
Event: 22.773 GC heap after
{Heap after GC invocations=522 (full 4):
 PSYoungGen      total 7168K, used 825K [0x00000000d5580000, 0x00000000d5d80000, 0x0000000100000000)
  eden space 6144K, 0% used [0x00000000d5580000,0x00000000d5580000,0x00000000d5b80000)
  from space 1024K, 80% used [0x00000000d5b80000,0x00000000d5c4e4b0,0x00000000d5c80000)
  to   space 1024K, 0% used [0x00000000d5c80000,0x00000000d5c80000,0x00000000d5d80000)
 ParOldGen       total 378880K, used 378553K [0x0000000080000000, 0x0000000097200000, 0x00000000d5580000)
  object space 378880K, 99% used [0x0000000080000000,0x00000000971ae6b0,0x0000000097200000)
 Metaspace       used 61231K, committed 62656K, reserved 1114112K
  class space    used 6508K, committed 7168K, reserved 1048576K
}
Event: 22.787 GC heap before
{Heap before GC invocations=523 (full 4):
 PSYoungGen      total 7168K, used 6969K [0x00000000d5580000, 0x00000000d5d80000, 0x0000000100000000)
  eden space 6144K, 100% used [0x00000000d5580000,0x00000000d5b80000,0x00000000d5b80000)
  from space 1024K, 80% used [0x00000000d5b80000,0x00000000d5c4e4b0,0x00000000d5c80000)
  to   space 1024K, 0% used [0x00000000d5c80000,0x00000000d5c80000,0x00000000d5d80000)
 ParOldGen       total 378880K, used 378553K [0x0000000080000000, 0x0000000097200000, 0x00000000d5580000)
  object space 378880K, 99% used [0x0000000080000000,0x00000000971ae6b0,0x0000000097200000)
 Metaspace       used 61231K, committed 62656K, reserved 1114112K
  class space    used 6508K, committed 7168K, reserved 1048576K
}
Event: 22.788 GC heap after
{Heap after GC invocations=523 (full 4):
 PSYoungGen      total 7168K, used 656K [0x00000000d5580000, 0x00000000d5d80000, 0x0000000100000000)
  eden space 6144K, 0% used [0x00000000d5580000,0x00000000d5580000,0x00000000d5b80000)
  from space 1024K, 64% used [0x00000000d5c80000,0x00000000d5d243d8,0x00000000d5d80000)
  to   space 1024K, 0% used [0x00000000d5b80000,0x00000000d5b80000,0x00000000d5c80000)
 ParOldGen       total 379392K, used 379212K [0x0000000080000000, 0x0000000097280000, 0x00000000d5580000)
  object space 379392K, 99% used [0x0000000080000000,0x00000000972532b8,0x0000000097280000)
 Metaspace       used 61231K, committed 62656K, reserved 1114112K
  class space    used 6508K, committed 7168K, reserved 1048576K
}
Event: 22.798 GC heap before
{Heap before GC invocations=524 (full 4):
 PSYoungGen      total 7168K, used 6800K [0x00000000d5580000, 0x00000000d5d80000, 0x0000000100000000)
  eden space 6144K, 100% used [0x00000000d5580000,0x00000000d5b80000,0x00000000d5b80000)
  from space 1024K, 64% used [0x00000000d5c80000,0x00000000d5d243d8,0x00000000d5d80000)
  to   space 1024K, 0% used [0x00000000d5b80000,0x00000000d5b80000,0x00000000d5c80000)
 ParOldGen       total 379392K, used 379212K [0x0000000080000000, 0x0000000097280000, 0x00000000d5580000)
  object space 379392K, 99% used [0x0000000080000000,0x00000000972532b8,0x0000000097280000)
 Metaspace       used 61231K, committed 62656K, reserved 1114112K
  class space    used 6508K, committed 7168K, reserved 1048576K
}
Event: 22.799 GC heap after
{Heap after GC invocations=524 (full 4):
 PSYoungGen      total 7168K, used 1018K [0x00000000d5580000, 0x00000000d5e80000, 0x0000000100000000)
  eden space 6144K, 0% used [0x00000000d5580000,0x00000000d5580000,0x00000000d5b80000)
  from space 1024K, 99% used [0x00000000d5b80000,0x00000000d5c7eb50,0x00000000d5c80000)
  to   space 1536K, 0% used [0x00000000d5d00000,0x00000000d5d00000,0x00000000d5e80000)
 ParOldGen       total 379904K, used 379674K [0x0000000080000000, 0x0000000097300000, 0x00000000d5580000)
  object space 379904K, 99% used [0x0000000080000000,0x00000000972c6ac0,0x0000000097300000)
 Metaspace       used 61231K, committed 62656K, reserved 1114112K
  class space    used 6508K, committed 7168K, reserved 1048576K
}
Event: 22.808 GC heap before
{Heap before GC invocations=525 (full 4):
 PSYoungGen      total 7168K, used 7162K [0x00000000d5580000, 0x00000000d5e80000, 0x0000000100000000)
  eden space 6144K, 100% used [0x00000000d5580000,0x00000000d5b80000,0x00000000d5b80000)
  from space 1024K, 99% used [0x00000000d5b80000,0x00000000d5c7eb50,0x00000000d5c80000)
  to   space 1536K, 0% used [0x00000000d5d00000,0x00000000d5d00000,0x00000000d5e80000)
 ParOldGen       total 379904K, used 379674K [0x0000000080000000, 0x0000000097300000, 0x00000000d5580000)
  object space 379904K, 99% used [0x0000000080000000,0x00000000972c6ac0,0x0000000097300000)
 Metaspace       used 61231K, committed 62656K, reserved 1114112K
  class space    used 6508K, committed 7168K, reserved 1048576K
}
Event: 22.809 GC heap after
{Heap after GC invocations=525 (full 4):
 PSYoungGen      total 7168K, used 957K [0x00000000d5580000, 0x00000000d5e00000, 0x0000000100000000)
  eden space 6144K, 0% used [0x00000000d5580000,0x00000000d5580000,0x00000000d5b80000)
  from space 1024K, 93% used [0x00000000d5d00000,0x00000000d5def4f8,0x00000000d5e00000)
  to   space 1024K, 0% used [0x00000000d5b80000,0x00000000d5b80000,0x00000000d5c80000)
 ParOldGen       total 380416K, used 380210K [0x0000000080000000, 0x0000000097380000, 0x00000000d5580000)
  object space 380416K, 99% used [0x0000000080000000,0x000000009734cac0,0x0000000097380000)
 Metaspace       used 61231K, committed 62656K, reserved 1114112K
  class space    used 6508K, committed 7168K, reserved 1048576K
}
Event: 22.815 GC heap before
{Heap before GC invocations=526 (full 4):
 PSYoungGen      total 7168K, used 7101K [0x00000000d5580000, 0x00000000d5e00000, 0x0000000100000000)
  eden space 6144K, 100% used [0x00000000d5580000,0x00000000d5b80000,0x00000000d5b80000)
  from space 1024K, 93% used [0x00000000d5d00000,0x00000000d5def4f8,0x00000000d5e00000)
  to   space 1024K, 0% used [0x00000000d5b80000,0x00000000d5b80000,0x00000000d5c80000)
 ParOldGen       total 380416K, used 380210K [0x0000000080000000, 0x0000000097380000, 0x00000000d5580000)
  object space 380416K, 99% used [0x0000000080000000,0x000000009734cac0,0x0000000097380000)
 Metaspace       used 61231K, committed 62656K, reserved 1114112K
  class space    used 6508K, committed 7168K, reserved 1048576K
}
Event: 22.816 GC heap after
{Heap after GC invocations=526 (full 4):
 PSYoungGen      total 7168K, used 512K [0x00000000d5580000, 0x00000000d5e80000, 0x0000000100000000)
  eden space 6144K, 0% used [0x00000000d5580000,0x00000000d5580000,0x00000000d5b80000)
  from space 1024K, 50% used [0x00000000d5b80000,0x00000000d5c00000,0x00000000d5c80000)
  to   space 1024K, 0% used [0x00000000d5d80000,0x00000000d5d80000,0x00000000d5e80000)
 ParOldGen       total 381440K, used 381031K [0x0000000080000000, 0x0000000097480000, 0x00000000d5580000)
  object space 381440K, 99% used [0x0000000080000000,0x0000000097419fb8,0x0000000097480000)
 Metaspace       used 61231K, committed 62656K, reserved 1114112K
  class space    used 6508K, committed 7168K, reserved 1048576K
}
Event: 22.822 GC heap before
{Heap before GC invocations=527 (full 4):
 PSYoungGen      total 7168K, used 6656K [0x00000000d5580000, 0x00000000d5e80000, 0x0000000100000000)
  eden space 6144K, 100% used [0x00000000d5580000,0x00000000d5b80000,0x00000000d5b80000)
  from space 1024K, 50% used [0x00000000d5b80000,0x00000000d5c00000,0x00000000d5c80000)
  to   space 1024K, 0% used [0x00000000d5d80000,0x00000000d5d80000,0x00000000d5e80000)
 ParOldGen       total 381440K, used 381031K [0x0000000080000000, 0x0000000097480000, 0x00000000d5580000)
  object space 381440K, 99% used [0x0000000080000000,0x0000000097419fb8,0x0000000097480000)
 Metaspace       used 61231K, committed 62656K, reserved 1114112K
  class space    used 6508K, committed 7168K, reserved 1048576K
}
Event: 22.823 GC heap after
{Heap after GC invocations=527 (full 4):
 PSYoungGen      total 7680K, used 416K [0x00000000d5580000, 0x00000000d5e00000, 0x0000000100000000)
  eden space 7168K, 0% used [0x00000000d5580000,0x00000000d5580000,0x00000000d5c80000)
  from space 512K, 81% used [0x00000000d5d80000,0x00000000d5de8000,0x00000000d5e00000)
  to   space 512K, 0% used [0x00000000d5d00000,0x00000000d5d00000,0x00000000d5d80000)
 ParOldGen       total 381440K, used 381399K [0x0000000080000000, 0x0000000097480000, 0x00000000d5580000)
  object space 381440K, 99% used [0x0000000080000000,0x0000000097475fb8,0x0000000097480000)
 Metaspace       used 61231K, committed 62656K, reserved 1114112K
  class space    used 6508K, committed 7168K, reserved 1048576K
}
Event: 22.832 GC heap before
{Heap before GC invocations=528 (full 4):
 PSYoungGen      total 7680K, used 7584K [0x00000000d5580000, 0x00000000d5e00000, 0x0000000100000000)
  eden space 7168K, 100% used [0x00000000d5580000,0x00000000d5c80000,0x00000000d5c80000)
  from space 512K, 81% used [0x00000000d5d80000,0x00000000d5de8000,0x00000000d5e00000)
  to   space 512K, 0% used [0x00000000d5d00000,0x00000000d5d00000,0x00000000d5d80000)
 ParOldGen       total 381440K, used 381399K [0x0000000080000000, 0x0000000097480000, 0x00000000d5580000)
  object space 381440K, 99% used [0x0000000080000000,0x0000000097475fb8,0x0000000097480000)
 Metaspace       used 61231K, committed 62656K, reserved 1114112K
  class space    used 6508K, committed 7168K, reserved 1048576K
}
Event: 22.834 GC heap after
{Heap after GC invocations=528 (full 4):
 PSYoungGen      total 7680K, used 492K [0x00000000d5580000, 0x00000000d5e00000, 0x0000000100000000)
  eden space 7168K, 0% used [0x00000000d5580000,0x00000000d5580000,0x00000000d5c80000)
  from space 512K, 96% used [0x00000000d5d00000,0x00000000d5d7b008,0x00000000d5d80000)
  to   space 512K, 0% used [0x00000000d5d80000,0x00000000d5d80000,0x00000000d5e00000)
 ParOldGen       total 381952K, used 381951K [0x0000000080000000, 0x0000000097500000, 0x00000000d5580000)
  object space 381952K, 99% used [0x0000000080000000,0x00000000974fffb8,0x0000000097500000)
 Metaspace       used 61231K, committed 62656K, reserved 1114112K
  class space    used 6508K, committed 7168K, reserved 1048576K
}
Event: 22.847 GC heap before
{Heap before GC invocations=529 (full 4):
 PSYoungGen      total 7680K, used 7660K [0x00000000d5580000, 0x00000000d5e00000, 0x0000000100000000)
  eden space 7168K, 100% used [0x00000000d5580000,0x00000000d5c80000,0x00000000d5c80000)
  from space 512K, 96% used [0x00000000d5d00000,0x00000000d5d7b008,0x00000000d5d80000)
  to   space 512K, 0% used [0x00000000d5d80000,0x00000000d5d80000,0x00000000d5e00000)
 ParOldGen       total 381952K, used 381951K [0x0000000080000000, 0x0000000097500000, 0x00000000d5580000)
  object space 381952K, 99% used [0x0000000080000000,0x00000000974fffb8,0x0000000097500000)
 Metaspace       used 61231K, committed 62656K, reserved 1114112K
  class space    used 6508K, committed 7168K, reserved 1048576K
}
Event: 22.851 GC heap after
{Heap after GC invocations=529 (full 4):
 PSYoungGen      total 7680K, used 512K [0x00000000d5580000, 0x00000000d5e00000, 0x0000000100000000)
  eden space 7168K, 0% used [0x00000000d5580000,0x00000000d5580000,0x00000000d5c80000)
  from space 512K, 100% used [0x00000000d5d80000,0x00000000d5e00000,0x00000000d5e00000)
  to   space 512K, 0% used [0x00000000d5d00000,0x00000000d5d00000,0x00000000d5d80000)
 ParOldGen       total 382976K, used 382635K [0x0000000080000000, 0x0000000097600000, 0x00000000d5580000)
  object space 382976K, 99% used [0x0000000080000000,0x00000000975aafc0,0x0000000097600000)
 Metaspace       used 61231K, committed 62656K, reserved 1114112K
  class space    used 6508K, committed 7168K, reserved 1048576K
}

Dll operation events (10 events):
Event: 0.017 Loaded shared library c:\Users\shaik\.vscode\extensions\redhat.java-1.44.0-win32-x64\jre\21.0.8-win32-x86_64\bin\java.dll
Event: 0.159 Loaded shared library c:\Users\shaik\.vscode\extensions\redhat.java-1.44.0-win32-x64\jre\21.0.8-win32-x86_64\bin\zip.dll
Event: 0.192 Loaded shared library C:\Users\shaik\.vscode\extensions\redhat.java-1.44.0-win32-x64\jre\21.0.8-win32-x86_64\bin\instrument.dll
Event: 0.199 Loaded shared library C:\Users\shaik\.vscode\extensions\redhat.java-1.44.0-win32-x64\jre\21.0.8-win32-x86_64\bin\net.dll
Event: 0.203 Loaded shared library C:\Users\shaik\.vscode\extensions\redhat.java-1.44.0-win32-x64\jre\21.0.8-win32-x86_64\bin\nio.dll
Event: 0.209 Loaded shared library C:\Users\shaik\.vscode\extensions\redhat.java-1.44.0-win32-x64\jre\21.0.8-win32-x86_64\bin\zip.dll
Event: 0.266 Loaded shared library C:\Users\shaik\.vscode\extensions\redhat.java-1.44.0-win32-x64\jre\21.0.8-win32-x86_64\bin\jimage.dll
Event: 0.417 Loaded shared library c:\Users\shaik\.vscode\extensions\redhat.java-1.44.0-win32-x64\jre\21.0.8-win32-x86_64\bin\verify.dll
Event: 2.372 Loaded shared library C:\Users\shaik\AppData\Roaming\Code\User\globalStorage\redhat.java\1.44.0\config_win\org.eclipse.equinox.launcher\org.eclipse.equinox.launcher.win32.win32.x86_64_1.2.1400.v20250730-1736\eclipse_11913.dll
Event: 5.442 Loaded shared library C:\Users\shaik\AppData\Local\Temp\jna-109399758\jna7069174962591566267.dll

Deoptimization events (20 events):
Event: 22.589 Thread 0x000001b9d99e3c50 DEOPT PACKING pc=0x000001b980c44d4e sp=0x0000006c48cfe140
Event: 22.589 Thread 0x000001b9d99e3c50 DEOPT UNPACKING pc=0x000001b987584242 sp=0x0000006c48cfd6c0 mode 0
Event: 22.590 Thread 0x000001b9d99e3c50 DEOPT PACKING pc=0x000001b980c44d4e sp=0x0000006c48cfe140
Event: 22.590 Thread 0x000001b9d99e3c50 DEOPT UNPACKING pc=0x000001b987584242 sp=0x0000006c48cfd6c0 mode 0
Event: 22.590 Thread 0x000001b9d99e3c50 DEOPT PACKING pc=0x000001b980c44d4e sp=0x0000006c48cfe140
Event: 22.590 Thread 0x000001b9d99e3c50 DEOPT UNPACKING pc=0x000001b987584242 sp=0x0000006c48cfd6c0 mode 0
Event: 22.611 Thread 0x000001b9d99e3c50 Uncommon trap: trap_request=0xffffff45 fr.pc=0x000001b987dfe0ec relative=0x000000000000016c
Event: 22.611 Thread 0x000001b9d99e3c50 Uncommon trap: reason=unstable_if action=reinterpret pc=0x000001b987dfe0ec method=org.eclipse.jdt.internal.core.util.WeakHashSet.cleanupGarbageCollectedValues()V @ 140 c2
Event: 22.611 Thread 0x000001b9d99e3c50 DEOPT PACKING pc=0x000001b987dfe0ec sp=0x0000006c48cfe3f0
Event: 22.611 Thread 0x000001b9d99e3c50 DEOPT UNPACKING pc=0x000001b987583aa2 sp=0x0000006c48cfe370 mode 2
Event: 22.618 Thread 0x000001b9d99e3c50 Uncommon trap: trap_request=0xffffff45 fr.pc=0x000001b987f3e1d8 relative=0x0000000000000bd8
Event: 22.618 Thread 0x000001b9d99e3c50 Uncommon trap: reason=unstable_if action=reinterpret pc=0x000001b987f3e1d8 method=sun.nio.fs.WindowsPath.normalize()Lsun/nio/fs/WindowsPath; @ 79 c2
Event: 22.618 Thread 0x000001b9d99e3c50 DEOPT PACKING pc=0x000001b987f3e1d8 sp=0x0000006c48cfe490
Event: 22.618 Thread 0x000001b9d99e3c50 DEOPT UNPACKING pc=0x000001b987583aa2 sp=0x0000006c48cfe448 mode 2
Event: 22.812 Thread 0x000001b9d99e1b80 DEOPT PACKING pc=0x000001b98102f4a0 sp=0x0000006c48fff0e0
Event: 22.812 Thread 0x000001b9d99e1b80 DEOPT UNPACKING pc=0x000001b987584242 sp=0x0000006c48ffe6d8 mode 0
Event: 22.839 Thread 0x000001b9d99e3c50 Uncommon trap: trap_request=0xffffff45 fr.pc=0x000001b987eba178 relative=0x0000000000000698
Event: 22.839 Thread 0x000001b9d99e3c50 Uncommon trap: reason=unstable_if action=reinterpret pc=0x000001b987eba178 method=org.eclipse.jdt.internal.compiler.impl.CompilerOptions.versionFromJdkLevel(J)Ljava/lang/String; @ 7 c2
Event: 22.839 Thread 0x000001b9d99e3c50 DEOPT PACKING pc=0x000001b987eba178 sp=0x0000006c48cfe5a0
Event: 22.839 Thread 0x000001b9d99e3c50 DEOPT UNPACKING pc=0x000001b987583aa2 sp=0x0000006c48cfe558 mode 2

Classes loaded (20 events):
Event: 16.935 Loading class sun/nio/fs/Globs
Event: 16.937 Loading class sun/nio/fs/Globs done
Event: 16.937 Loading class java/util/regex/Pattern$SliceU
Event: 16.937 Loading class java/util/regex/Pattern$SliceU done
Event: 16.937 Loading class sun/nio/fs/WindowsFileSystem$2
Event: 16.937 Loading class java/nio/file/PathMatcher
Event: 16.937 Loading class java/nio/file/PathMatcher done
Event: 16.937 Loading class sun/nio/fs/WindowsFileSystem$2 done
Event: 20.713 Loading class java/util/Collections$SynchronizedRandomAccessList
Event: 20.713 Loading class java/util/Collections$SynchronizedList
Event: 20.714 Loading class java/util/Collections$SynchronizedList done
Event: 20.714 Loading class java/util/Collections$SynchronizedRandomAccessList done
Event: 20.724 Loading class java/util/concurrent/CompletableFuture$Signaller
Event: 20.724 Loading class java/util/concurrent/CompletableFuture$Signaller done
Event: 21.057 Loading class sun/nio/fs/WindowsFileCopy
Event: 21.058 Loading class sun/nio/fs/WindowsFileCopy done
Event: 22.183 Loading class java/util/Hashtable$KeySet
Event: 22.183 Loading class java/util/Hashtable$KeySet done
Event: 22.443 Loading class java/lang/invoke/MethodHandleImpl$CountingWrapper$1
Event: 22.443 Loading class java/lang/invoke/MethodHandleImpl$CountingWrapper$1 done

Classes unloaded (9 events):
Event: 6.301 Thread 0x000001b9fac7ab30 Unloading class 0x000001b9941ab000 'java/lang/invoke/LambdaForm$MH+0x000001b9941ab000'
Event: 6.301 Thread 0x000001b9fac7ab30 Unloading class 0x000001b9941aac00 'java/lang/invoke/LambdaForm$MH+0x000001b9941aac00'
Event: 6.301 Thread 0x000001b9fac7ab30 Unloading class 0x000001b9941aa800 'java/lang/invoke/LambdaForm$MH+0x000001b9941aa800'
Event: 6.301 Thread 0x000001b9fac7ab30 Unloading class 0x000001b9941aa400 'java/lang/invoke/LambdaForm$MH+0x000001b9941aa400'
Event: 6.301 Thread 0x000001b9fac7ab30 Unloading class 0x000001b9941aa000 'java/lang/invoke/LambdaForm$BMH+0x000001b9941aa000'
Event: 6.301 Thread 0x000001b9fac7ab30 Unloading class 0x000001b9941a9c00 'java/lang/invoke/LambdaForm$DMH+0x000001b9941a9c00'
Event: 6.301 Thread 0x000001b9fac7ab30 Unloading class 0x000001b9941a8800 'java/lang/invoke/LambdaForm$DMH+0x000001b9941a8800'
Event: 16.135 Thread 0x000001b9fac7ab30 Unloading class 0x000001b994688400 'java/lang/invoke/LambdaForm$DMH+0x000001b994688400'
Event: 16.135 Thread 0x000001b9fac7ab30 Unloading class 0x000001b994688000 'java/lang/invoke/LambdaForm$DMH+0x000001b994688000'

Classes redefined (0 events):
No events

Internal exceptions (20 events):
Event: 22.078 Thread 0x000001b9d99e1b80 Exception <a 'sun/nio/fs/WindowsException'{0x00000000d586d918}> (0x00000000d586d918) 
thrown [s\src\hotspot\share\prims\jni.cpp, line 520]
Event: 22.097 Thread 0x000001b9d99e1b80 Exception <a 'sun/nio/fs/WindowsException'{0x00000000d5885780}> (0x00000000d5885780) 
thrown [s\src\hotspot\share\prims\jni.cpp, line 520]
Event: 22.129 Thread 0x000001b9d99e1b80 Exception <a 'sun/nio/fs/WindowsException'{0x00000000d5649710}> (0x00000000d5649710) 
thrown [s\src\hotspot\share\prims\jni.cpp, line 520]
Event: 22.171 Thread 0x000001b9d99e1b80 Exception <a 'sun/nio/fs/WindowsException'{0x00000000d57d2528}> (0x00000000d57d2528) 
thrown [s\src\hotspot\share\prims\jni.cpp, line 520]
Event: 22.187 Thread 0x000001b9d99e1b80 Exception <a 'sun/nio/fs/WindowsException'{0x00000000d58cf4e8}> (0x00000000d58cf4e8) 
thrown [s\src\hotspot\share\prims\jni.cpp, line 520]
Event: 22.197 Thread 0x000001b9d99e3c50 Exception <a 'sun/nio/fs/WindowsException'{0x00000000d56120e8}> (0x00000000d56120e8) 
thrown [s\src\hotspot\share\prims\jni.cpp, line 520]
Event: 22.197 Thread 0x000001b9d99e3c50 Exception <a 'sun/nio/fs/WindowsException'{0x00000000d5612990}> (0x00000000d5612990) 
thrown [s\src\hotspot\share\prims\jni.cpp, line 520]
Event: 22.198 Thread 0x000001b9d99e3c50 Exception <a 'sun/nio/fs/WindowsException'{0x00000000d5613e50}> (0x00000000d5613e50) 
thrown [s\src\hotspot\share\prims\jni.cpp, line 520]
Event: 22.198 Thread 0x000001b9d99e3c50 Exception <a 'sun/nio/fs/WindowsException'{0x00000000d56146f8}> (0x00000000d56146f8) 
thrown [s\src\hotspot\share\prims\jni.cpp, line 520]
Event: 22.200 Thread 0x000001b9d99e3c50 Exception <a 'java/io/FileNotFoundException'{0x00000000d562c1e8}> (0x00000000d562c1e8) 
thrown [s\src\hotspot\share\prims\jni.cpp, line 520]
Event: 22.200 Thread 0x000001b9d99e3c50 Exception <a 'java/io/FileNotFoundException'{0x00000000d562cf68}> (0x00000000d562cf68) 
thrown [s\src\hotspot\share\prims\jni.cpp, line 520]
Event: 22.205 Thread 0x000001b9d99e1b80 Exception <a 'sun/nio/fs/WindowsException'{0x00000000d5593e98}> (0x00000000d5593e98) 
thrown [s\src\hotspot\share\prims\jni.cpp, line 520]
Event: 22.205 Thread 0x000001b9dc2d67c0 Exception <a 'java/lang/IncompatibleClassChangeError'{0x00000000d5666b48}: Found class java.lang.Object, but interface was expected> (0x00000000d5666b48) 
thrown [s\src\hotspot\share\interpreter\linkResolver.cpp, line 840]
Event: 22.208 Thread 0x000001b9d99e3c50 Exception <a 'sun/nio/fs/WindowsException'{0x00000000d568b330}> (0x00000000d568b330) 
thrown [s\src\hotspot\share\prims\jni.cpp, line 520]
Event: 22.208 Thread 0x000001b9d99e3c50 Exception <a 'sun/nio/fs/WindowsException'{0x00000000d568bbd8}> (0x00000000d568bbd8) 
thrown [s\src\hotspot\share\prims\jni.cpp, line 520]
Event: 22.222 Thread 0x000001b9d99e3c50 Exception <a 'sun/nio/fs/WindowsException'{0x00000000d5829028}> (0x00000000d5829028) 
thrown [s\src\hotspot\share\prims\jni.cpp, line 520]
Event: 22.222 Thread 0x000001b9d99e3c50 Exception <a 'sun/nio/fs/WindowsException'{0x00000000d587d8b0}> (0x00000000d587d8b0) 
thrown [s\src\hotspot\share\prims\jni.cpp, line 520]
Event: 22.668 Thread 0x000001b9d99e1b80 Exception <a 'sun/nio/fs/WindowsException'{0x00000000d56507b0}> (0x00000000d56507b0) 
thrown [s\src\hotspot\share\prims\jni.cpp, line 520]
Event: 22.711 Thread 0x000001b9d99e1b80 Exception <a 'sun/nio/fs/WindowsException'{0x00000000d57baff8}> (0x00000000d57baff8) 
thrown [s\src\hotspot\share\prims\jni.cpp, line 520]
Event: 22.748 Thread 0x000001b9d99e1b80 Exception <a 'sun/nio/fs/WindowsException'{0x00000000d57e2ad8}> (0x00000000d57e2ad8) 
thrown [s\src\hotspot\share\prims\jni.cpp, line 520]

ZGC Phase Switch (0 events):
No events

VM Operations (20 events):
Event: 22.736 Executing VM operation: ParallelGCFailedAllocation (Allocation Failure)
Event: 22.737 Executing VM operation: ParallelGCFailedAllocation (Allocation Failure) done
Event: 22.756 Executing VM operation: ParallelGCFailedAllocation (Allocation Failure)
Event: 22.758 Executing VM operation: ParallelGCFailedAllocation (Allocation Failure) done
Event: 22.772 Executing VM operation: ParallelGCFailedAllocation (Allocation Failure)
Event: 22.773 Executing VM operation: ParallelGCFailedAllocation (Allocation Failure) done
Event: 22.786 Executing VM operation: ParallelGCFailedAllocation (Allocation Failure)
Event: 22.788 Executing VM operation: ParallelGCFailedAllocation (Allocation Failure) done
Event: 22.798 Executing VM operation: ParallelGCFailedAllocation (Allocation Failure)
Event: 22.800 Executing VM operation: ParallelGCFailedAllocation (Allocation Failure) done
Event: 22.808 Executing VM operation: ParallelGCFailedAllocation (Allocation Failure)
Event: 22.809 Executing VM operation: ParallelGCFailedAllocation (Allocation Failure) done
Event: 22.815 Executing VM operation: ParallelGCFailedAllocation (Allocation Failure)
Event: 22.816 Executing VM operation: ParallelGCFailedAllocation (Allocation Failure) done
Event: 22.822 Executing VM operation: ParallelGCFailedAllocation (Allocation Failure)
Event: 22.823 Executing VM operation: ParallelGCFailedAllocation (Allocation Failure) done
Event: 22.832 Executing VM operation: ParallelGCFailedAllocation (Allocation Failure)
Event: 22.834 Executing VM operation: ParallelGCFailedAllocation (Allocation Failure) done
Event: 22.847 Executing VM operation: ParallelGCFailedAllocation (Allocation Failure)
Event: 22.851 Executing VM operation: ParallelGCFailedAllocation (Allocation Failure) done

Memory protections (0 events):
No events

Nmethod flushes (20 events):
Event: 20.259 Thread 0x000001b9fac7ab30 flushing  nmethod 0x000001b9811dd510
Event: 20.259 Thread 0x000001b9fac7ab30 flushing  nmethod 0x000001b9811dd990
Event: 20.259 Thread 0x000001b9fac7ab30 flushing  nmethod 0x000001b9811e3e90
Event: 20.259 Thread 0x000001b9fac7ab30 flushing  nmethod 0x000001b9811e4f10
Event: 20.259 Thread 0x000001b9fac7ab30 flushing  nmethod 0x000001b9811e6710
Event: 20.259 Thread 0x000001b9fac7ab30 flushing  nmethod 0x000001b9811e6d10
Event: 20.259 Thread 0x000001b9fac7ab30 flushing  nmethod 0x000001b9811ec610
Event: 20.259 Thread 0x000001b9fac7ab30 flushing  nmethod 0x000001b9811ee910
Event: 20.259 Thread 0x000001b9fac7ab30 flushing  nmethod 0x000001b9811f5f90
Event: 20.259 Thread 0x000001b9fac7ab30 flushing  nmethod 0x000001b9811f9c10
Event: 20.259 Thread 0x000001b9fac7ab30 flushing  nmethod 0x000001b9811fc210
Event: 20.259 Thread 0x000001b9fac7ab30 flushing  nmethod 0x000001b981201a10
Event: 20.259 Thread 0x000001b9fac7ab30 flushing  nmethod 0x000001b981206610
Event: 20.259 Thread 0x000001b9fac7ab30 flushing  nmethod 0x000001b981207d10
Event: 20.259 Thread 0x000001b9fac7ab30 flushing  nmethod 0x000001b981210090
Event: 20.259 Thread 0x000001b9fac7ab30 flushing  nmethod 0x000001b981244010
Event: 20.259 Thread 0x000001b9fac7ab30 flushing  nmethod 0x000001b981248210
Event: 20.259 Thread 0x000001b9fac7ab30 flushing  nmethod 0x000001b98129dc90
Event: 20.259 Thread 0x000001b9fac7ab30 flushing  nmethod 0x000001b98129ed10
Event: 20.259 Thread 0x000001b9fac7ab30 flushing  nmethod 0x000001b9812b8510

Events (20 events):
Event: 16.362 Thread 0x000001b9d99e14f0 Thread added: 0x000001b9db7034a0
Event: 16.362 Thread 0x000001b9d99e14f0 Thread added: 0x000001b9db706920
Event: 16.362 Thread 0x000001b9d99e14f0 Thread added: 0x000001b9db7089f0
Event: 16.429 Thread 0x000001b9db7034a0 Thread exited: 0x000001b9db7034a0
Event: 16.429 Thread 0x000001b9db706920 Thread exited: 0x000001b9db706920
Event: 16.429 Thread 0x000001b9db702e10 Thread exited: 0x000001b9db702e10
Event: 16.429 Thread 0x000001b9db7089f0 Thread exited: 0x000001b9db7089f0
Event: 16.429 Thread 0x000001b9db704850 Thread exited: 0x000001b9db704850
Event: 17.087 Thread 0x000001b9ff995cf0 Thread added: 0x000001b9dc094d30
Event: 17.484 Thread 0x000001b9dc094d30 Thread exited: 0x000001b9dc094d30
Event: 17.484 Thread 0x000001b9db087050 Thread exited: 0x000001b9db087050
Event: 18.455 Thread 0x000001b9ff995cf0 Thread added: 0x000001b9dc096870
Event: 18.754 Thread 0x000001b9ff924d70 Thread added: 0x000001b9dc096f40
Event: 19.697 Thread 0x000001b9dc096f40 Thread exited: 0x000001b9dc096f40
Event: 19.731 Thread 0x000001b9dc096870 Thread exited: 0x000001b9dc096870
Event: 20.560 Thread 0x000001b9ff924d70 Thread added: 0x000001b9dc095400
Event: 21.131 Thread 0x000001b9ff995cf0 Thread added: 0x000001b9dc096870
Event: 22.026 Thread 0x000001b9dc096870 Thread exited: 0x000001b9dc096870
Event: 22.217 Thread 0x000001b9d99e3c50 Thread added: 0x000001b9db706920
Event: 22.525 Thread 0x000001b9ff995cf0 Thread added: 0x000001b9dc096870


Dynamic libraries:
0x00007ff7d1820000 - 0x00007ff7d182e000 	c:\Users\shaik\.vscode\extensions\redhat.java-1.44.0-win32-x64\jre\21.0.8-win32-x86_64\bin\java.exe
0x00007ffd05640000 - 0x00007ffd058a7000 	C:\WINDOWS\SYSTEM32\ntdll.dll
0x00007ffd042b0000 - 0x00007ffd04379000 	C:\WINDOWS\System32\KERNEL32.DLL
0x00007ffd02f10000 - 0x00007ffd03300000 	C:\WINDOWS\System32\KERNELBASE.dll
0x00007ffcfef30000 - 0x00007ffcfefce000 	C:\WINDOWS\SYSTEM32\apphelp.dll
0x00007ffd02770000 - 0x00007ffd028bb000 	C:\WINDOWS\System32\ucrtbase.dll
0x00007ffcf11b0000 - 0x00007ffcf11c8000 	c:\Users\shaik\.vscode\extensions\redhat.java-1.44.0-win32-x64\jre\21.0.8-win32-x86_64\bin\jli.dll
0x00007ffd04090000 - 0x00007ffd04255000 	C:\WINDOWS\System32\USER32.dll
0x00007ffd02d00000 - 0x00007ffd02d27000 	C:\WINDOWS\System32\win32u.dll
0x00007ffd04060000 - 0x00007ffd0408b000 	C:\WINDOWS\System32\GDI32.dll
0x00007ffcf12b0000 - 0x00007ffcf12ce000 	c:\Users\shaik\.vscode\extensions\redhat.java-1.44.0-win32-x64\jre\21.0.8-win32-x86_64\bin\VCRUNTIME140.dll
0x00007ffd02dd0000 - 0x00007ffd02f08000 	C:\WINDOWS\System32\gdi32full.dll
0x00007ffd02950000 - 0x00007ffd029f3000 	C:\WINDOWS\System32\msvcp_win.dll
0x00007ffcdf530000 - 0x00007ffcdf7ca000 	C:\WINDOWS\WinSxS\amd64_microsoft.windows.common-controls_6595b64144ccf1df_6.0.26100.4768_none_3e0c112ce331287c\COMCTL32.dll
0x00007ffd051b0000 - 0x00007ffd05259000 	C:\WINDOWS\System32\msvcrt.dll
0x00007ffd03460000 - 0x00007ffd0348f000 	C:\WINDOWS\System32\IMM32.DLL
0x00007ffcf1140000 - 0x00007ffcf114c000 	c:\Users\shaik\.vscode\extensions\redhat.java-1.44.0-win32-x64\jre\21.0.8-win32-x86_64\bin\vcruntime140_1.dll
0x00007ffc8c640000 - 0x00007ffc8c6cd000 	c:\Users\shaik\.vscode\extensions\redhat.java-1.44.0-win32-x64\jre\21.0.8-win32-x86_64\bin\msvcp140.dll
0x00007ffc2c4a0000 - 0x00007ffc2d237000 	c:\Users\shaik\.vscode\extensions\redhat.java-1.44.0-win32-x64\jre\21.0.8-win32-x86_64\bin\server\jvm.dll
0x00007ffd03fa0000 - 0x00007ffd04054000 	C:\WINDOWS\System32\ADVAPI32.dll
0x00007ffd04e90000 - 0x00007ffd04f36000 	C:\WINDOWS\System32\sechost.dll
0x00007ffd03e80000 - 0x00007ffd03f98000 	C:\WINDOWS\System32\RPCRT4.dll
0x00007ffd04380000 - 0x00007ffd043f4000 	C:\WINDOWS\System32\WS2_32.dll
0x00007ffd01330000 - 0x00007ffd0138e000 	C:\WINDOWS\SYSTEM32\POWRPROF.dll
0x00007ffcef470000 - 0x00007ffcef4a5000 	C:\WINDOWS\SYSTEM32\WINMM.dll
0x00007ffcf0f50000 - 0x00007ffcf0f5b000 	C:\WINDOWS\SYSTEM32\VERSION.dll
0x00007ffd01310000 - 0x00007ffd01324000 	C:\WINDOWS\SYSTEM32\UMPDC.dll
0x00007ffd01610000 - 0x00007ffd0162b000 	C:\WINDOWS\SYSTEM32\kernel.appcore.dll
0x00007ffcef4e0000 - 0x00007ffcef4ea000 	c:\Users\shaik\.vscode\extensions\redhat.java-1.44.0-win32-x64\jre\21.0.8-win32-x86_64\bin\jimage.dll
0x00007ffcffdb0000 - 0x00007ffcffff1000 	C:\WINDOWS\SYSTEM32\DBGHELP.DLL
0x00007ffd05270000 - 0x00007ffd055f5000 	C:\WINDOWS\System32\combase.dll
0x00007ffd050c0000 - 0x00007ffd051a0000 	C:\WINDOWS\System32\OLEAUT32.dll
0x00007ffcd2460000 - 0x00007ffcd24a3000 	C:\WINDOWS\SYSTEM32\dbgcore.DLL
0x00007ffd02d30000 - 0x00007ffd02dc9000 	C:\WINDOWS\System32\bcryptPrimitives.dll
0x00007ffcef4d0000 - 0x00007ffcef4df000 	c:\Users\shaik\.vscode\extensions\redhat.java-1.44.0-win32-x64\jre\21.0.8-win32-x86_64\bin\instrument.dll
0x00007ffce6fd0000 - 0x00007ffce6fef000 	c:\Users\shaik\.vscode\extensions\redhat.java-1.44.0-win32-x64\jre\21.0.8-win32-x86_64\bin\java.dll
0x00007ffd046a0000 - 0x00007ffd04ded000 	C:\WINDOWS\System32\SHELL32.dll
0x00007ffd02b80000 - 0x00007ffd02cf3000 	C:\WINDOWS\System32\wintypes.dll
0x00007ffd00360000 - 0x00007ffd00bbf000 	C:\WINDOWS\SYSTEM32\windows.storage.dll
0x00007ffd034d0000 - 0x00007ffd035c5000 	C:\WINDOWS\System32\SHCORE.dll
0x00007ffd035d0000 - 0x00007ffd0363a000 	C:\WINDOWS\System32\shlwapi.dll
0x00007ffd02690000 - 0x00007ffd026b9000 	C:\WINDOWS\SYSTEM32\profapi.dll
0x00007ffce6d30000 - 0x00007ffce6d48000 	c:\Users\shaik\.vscode\extensions\redhat.java-1.44.0-win32-x64\jre\21.0.8-win32-x86_64\bin\zip.dll
0x00007ffcef4b0000 - 0x00007ffcef4c0000 	C:\Users\shaik\.vscode\extensions\redhat.java-1.44.0-win32-x64\jre\21.0.8-win32-x86_64\bin\net.dll
0x00007ffcf89b0000 - 0x00007ffcf8ace000 	C:\WINDOWS\SYSTEM32\WINHTTP.dll
0x00007ffd01ba0000 - 0x00007ffd01c0b000 	C:\WINDOWS\system32\mswsock.dll
0x00007ffcc5950000 - 0x00007ffcc5966000 	C:\Users\shaik\.vscode\extensions\redhat.java-1.44.0-win32-x64\jre\21.0.8-win32-x86_64\bin\nio.dll
0x00007ffce9300000 - 0x00007ffce9310000 	c:\Users\shaik\.vscode\extensions\redhat.java-1.44.0-win32-x64\jre\21.0.8-win32-x86_64\bin\verify.dll
0x00007ffc98320000 - 0x00007ffc98365000 	C:\Users\shaik\AppData\Roaming\Code\User\globalStorage\redhat.java\1.44.0\config_win\org.eclipse.equinox.launcher\org.eclipse.equinox.launcher.win32.win32.x86_64_1.2.1400.v20250730-1736\eclipse_11913.dll
0x00007ffd03b50000 - 0x00007ffd03cf0000 	C:\WINDOWS\System32\ole32.dll
0x00007ffd01e60000 - 0x00007ffd01e7b000 	C:\WINDOWS\SYSTEM32\CRYPTSP.dll
0x00007ffd01570000 - 0x00007ffd015ab000 	C:\WINDOWS\system32\rsaenh.dll
0x00007ffd01c40000 - 0x00007ffd01c6b000 	C:\WINDOWS\SYSTEM32\USERENV.dll
0x00007ffd02660000 - 0x00007ffd02686000 	C:\WINDOWS\SYSTEM32\bcrypt.dll
0x00007ffd01e80000 - 0x00007ffd01e8c000 	C:\WINDOWS\SYSTEM32\CRYPTBASE.dll
0x00007ffd00f40000 - 0x00007ffd00f73000 	C:\WINDOWS\SYSTEM32\IPHLPAPI.DLL
0x00007ffd05260000 - 0x00007ffd0526a000 	C:\WINDOWS\System32\NSI.dll
0x00007ffc8e770000 - 0x00007ffc8e7b9000 	C:\Users\shaik\AppData\Local\Temp\jna-109399758\jna7069174962591566267.dll
0x00007ffd03e70000 - 0x00007ffd03e78000 	C:\WINDOWS\System32\PSAPI.DLL
0x00007ffcf8b50000 - 0x00007ffcf8b6f000 	C:\WINDOWS\SYSTEM32\dhcpcsvc6.DLL
0x00007ffcf8850000 - 0x00007ffcf8875000 	C:\WINDOWS\SYSTEM32\dhcpcsvc.DLL

JVMTI agents:
c:\Users\shaik\.vscode\extensions\redhat.java-1.44.0-win32-x64\lombok\lombok-1.18.39-4050.jar path:c:\Users\shaik\.vscode\extensions\redhat.java-1.44.0-win32-x64\jre\21.0.8-win32-x86_64\bin\instrument.dll, loaded, initialized, instrumentlib options:none

dbghelp: loaded successfully - version: 4.0.5 - missing functions: none
symbol engine: initialized successfully - sym options: 0x614 - pdb path: .;c:\Users\shaik\.vscode\extensions\redhat.java-1.44.0-win32-x64\jre\21.0.8-win32-x86_64\bin;C:\WINDOWS\SYSTEM32;C:\WINDOWS\WinSxS\amd64_microsoft.windows.common-controls_6595b64144ccf1df_6.0.26100.4768_none_3e0c112ce331287c;c:\Users\shaik\.vscode\extensions\redhat.java-1.44.0-win32-x64\jre\21.0.8-win32-x86_64\bin\server;C:\Users\shaik\AppData\Roaming\Code\User\globalStorage\redhat.java\1.44.0\config_win\org.eclipse.equinox.launcher\org.eclipse.equinox.launcher.win32.win32.x86_64_1.2.1400.v20250730-1736;C:\Users\shaik\AppData\Local\Temp\jna-109399758

VM Arguments:
jvm_args: --add-modules=ALL-SYSTEM --add-opens=java.base/java.util=ALL-UNNAMED --add-opens=java.base/java.lang=ALL-UNNAMED --add-opens=java.base/sun.nio.fs=ALL-UNNAMED -Declipse.application=org.eclipse.jdt.ls.core.id1 -Dosgi.bundles.defaultStartLevel=4 -Declipse.product=org.eclipse.jdt.ls.core.product -Djava.import.generatesMetadataFilesAtProjectRoot=false -DDetectVMInstallationsJob.disabled=true -Dfile.encoding=utf8 -XX:+UseParallelGC -XX:GCTimeRatio=4 -XX:AdaptiveSizePolicyWeight=90 -Dsun.zip.disableMemoryMapping=true -Xmx2G -Xms100m -Xlog:disable -javaagent:c:\Users\shaik\.vscode\extensions\redhat.java-1.44.0-win32-x64\lombok\lombok-1.18.39-4050.jar -XX:+HeapDumpOnOutOfMemoryError -XX:HeapDumpPath=c:\Users\shaik\AppData\Roaming\Code\User\workspaceStorage\6ed3e0e6f049c70af4aca1ed407b31df\redhat.java -Daether.dependencyCollector.impl=bf 
java_command: c:\Users\shaik\.vscode\extensions\redhat.java-1.44.0-win32-x64\server\plugins\org.eclipse.equinox.launcher_1.7.0.v20250519-0528.jar -configuration c:\Users\shaik\AppData\Roaming\Code\User\globalStorage\redhat.java\1.44.0\config_win -data c:\Users\shaik\AppData\Roaming\Code\User\workspaceStorage\6ed3e0e6f049c70af4aca1ed407b31df\redhat.java\jdt_ws --pipe=\\.\pipe\lsp-059013efff9379ad76332236b2176085-sock
java_class_path (initial): c:\Users\shaik\.vscode\extensions\redhat.java-1.44.0-win32-x64\server\plugins\org.eclipse.equinox.launcher_1.7.0.v20250519-0528.jar
Launcher Type: SUN_STANDARD

[Global flags]
    uintx AdaptiveSizePolicyWeight                 = 90                                        {product} {command line}
     intx CICompilerCount                          = 4                                         {product} {ergonomic}
    uintx GCTimeRatio                              = 4                                         {product} {command line}
     bool HeapDumpOnOutOfMemoryError               = true                                   {manageable} {command line}
    ccstr HeapDumpPath                             = c:\Users\shaik\AppData\Roaming\Code\User\workspaceStorage\6ed3e0e6f049c70af4aca1ed407b31df\redhat.java         {manageable} {command line}
   size_t InitialHeapSize                          = 104857600                                 {product} {command line}
   size_t MaxHeapSize                              = 2147483648                                {product} {command line}
   size_t MaxNewSize                               = 715653120                                 {product} {ergonomic}
   size_t MinHeapDeltaBytes                        = 524288                                    {product} {ergonomic}
   size_t MinHeapSize                              = 104857600                                 {product} {command line}
   size_t NewSize                                  = 34603008                                  {product} {ergonomic}
    uintx NonNMethodCodeHeapSize                   = 5839372                                {pd product} {ergonomic}
    uintx NonProfiledCodeHeapSize                  = 122909434                              {pd product} {ergonomic}
   size_t OldSize                                  = 70254592                                  {product} {ergonomic}
    uintx ProfiledCodeHeapSize                     = 122909434                              {pd product} {ergonomic}
    uintx ReservedCodeCacheSize                    = 251658240                              {pd product} {ergonomic}
     bool SegmentedCodeCache                       = true                                      {product} {ergonomic}
   size_t SoftMaxHeapSize                          = 2147483648                             {manageable} {ergonomic}
     bool UseCompressedOops                        = true                           {product lp64_product} {ergonomic}
     bool UseLargePagesIndividualAllocation        = false                                  {pd product} {ergonomic}
     bool UseParallelGC                            = true                                      {product} {command line}

Logging:
Log output configuration:
 #0: stdout all=off uptime,level,tags foldmultilines=false
 #1: stderr all=off uptime,level,tags foldmultilines=false

Environment Variables:
PATH=C:\Program Files\MySQL\MySQL Server 8.0\bin;C:\Program Files\NVIDIA GPU Computing Toolkit\CUDA\v11.8\libnvvp;C:\app\shaik\product\21c\dbhomeXE\bin;C:\Windows\system32;C:\Windows;C:\Windows\System32\Wbem;C:\Windows\System32\WindowsPowerShell\v1.0\;C:\Windows\System32\OpenSSH\;C:\Program Files\dotnet\;C:\Program Files\MongoDB\mongosh-2.2.5-win32-x64\bin;C:\Program Files\nodejs\;C:\ProgramData\chocolatey\bin;C:\xampp\mysql\bin;C:\WINDOWS\system32;C:\WINDOWS;C:\WINDOWS\System32\Wbem;C:\WINDOWS\System32\WindowsPowerShell\v1.0\;C:\WINDOWS\System32\OpenSSH\;C:\Users\shaik\sphinxbase\bin;C:\Users\shaik\pocketsphinx\bin;C:\Program Files (x86)\Microsoft Visual Studio\2022\BuildTools\VC\Tools\MSVC\14.42.34433\bin\Hostx64\x64;C:\Program Files\Git\cmd;C:\Program Files\NVIDIA Corporation\NVIDIA app\NvDLISR;C:\Program Files (x86)\NVIDIA Corporation\PhysX\Common;C:\Program Files\NVIDIA Corporation\Nsight Compute 2022.3.0\;C:\Program Files\NVIDIA GPU Computing Toolkit\CUDA\v11.8\bin;C:\Program Files\NVIDIA GPU Computing Toolkit\CUDA\v11.8\include;C:\Program Files\NVIDIA GPU Computing Toolkit\CUDA\v11.8\lib\x64;C:\Users\shaik\AppData\Local\Programs\Python\Python310;C:\Users\shaik\AppData\Local\Programs\Python\Python310\Scripts;C:\Program Files\NVIDIA GPU Computing Toolkit\CUDA\v11.8\bin;C:\Program Files\Docker\Docker\resources\bin;C:\Users\shaik\AppData\Roaming\npm;C:\Program Files\WireGuard\;C:\Program Files\MySQL\MySQL Server 8.0\bin;C:\Program Files\MySQL\MySQL Shell 8.0\bin\;C:\Users\shaik\AppData\Local\Programs\Python\Python310\Scripts\;C:\Users\shaik\AppData\Local\Programs\Python\Python310\;C:\Users\shaik\AppData\Local\Microsoft\WindowsApps;C:\MinGW\bin;C:\Users\shaik\AppData\Local\GitHubDesktop\bin;C:\Users\shaik\.dotnet\tools;C:\Program Files\JetBrains\IntelliJ IDEA Community Edition 2024.1.3\bin;;C:\Users\shaik\AppData\Roaming\npm;C:\Users\shaik\AppData\Local\Programs\VSCode Latest\bin;C:\Program Files\JetBrains\PyCharm Community Edition 2024.2.0.1\bin;;C:\GnuWin32\bin;C:\Program Files (x86)\Dev-Cpp\MinGW64\bin;C:\Users\shaik\AppData\Local\Packages\PythonSoftwareFoundation.Python.3.11_qbz5n2kfra8p0\LocalCache\local-packages\Python311\Scripts
USERNAME=shaik
OS=Windows_NT
PROCESSOR_IDENTIFIER=Intel64 Family 6 Model 186 Stepping 2, GenuineIntel
TMP=C:\Users\shaik\AppData\Local\Temp
TEMP=C:\Users\shaik\AppData\Local\Temp




Periodic native trim disabled

---------------  S Y S T E M  ---------------

OS:
 Windows 11 , 64 bit Build 26100 (10.0.26100.4768)
OS uptime: 2 days 14:53 hours
Hyper-V role detected

CPU: total 12 (initial active 12) (6 cores per cpu, 2 threads per core) family 6 model 186 stepping 2 microcode 0x5103, cx8, cmov, fxsr, ht, mmx, 3dnowpref, sse, sse2, sse3, ssse3, sse4.1, sse4.2, popcnt, lzcnt, tsc, tscinvbit, avx, avx2, aes, erms, clmul, bmi1, bmi2, adx, sha, fma, vzeroupper, clflush, clflushopt, clwb, hv, serialize, rdtscp, rdpid, fsrm, f16c, cet_ibt, cet_ss
Processor Information for the first 12 processors :
  Max Mhz: 2100, Current Mhz: 2100, Mhz Limit: 2100

Memory: 4k page, system-wide physical 16087M (1015M free)
TotalPageFile size 33566M (AvailPageFile size 280M)
current process WorkingSet (physical memory assigned to process): 739M, peak: 739M
current process commit charge ("private bytes"): 694M, peak: 1681M

vm_info: OpenJDK 64-Bit Server VM (21.0.8+9-LTS) for windows-amd64 JRE (21.0.8+9-LTS), built on 2025-07-15T00:00:00Z by "admin" with MS VC++ 17.7 (VS2022)

END.
